<?xml version="1.0" encoding="utf-8"?><testsuites name="pytest tests"><testsuite name="pytest" errors="0" failures="0" skipped="0" tests="33" time="16.660" timestamp="2026-04-08T17:25:00.231678+00:00" hostname="agent-env-f4a6ea75-52ca-43ec-a495-60aab224f6e5"><testcase classname="tests.test_notifications_module.TestSetup" name="test_admin_login" time="0.505" /><testcase classname="tests.test_notifications_module.TestSetup" name="test_manager_login" time="0.357" /><testcase classname="tests.test_notifications_module.TestSetup" name="test_regular_user_login" time="0.339" /><testcase classname="tests.test_notifications_module.TestAdminTemplates" name="test_list_templates" time="0.485" /><testcase classname="tests.test_notifications_module.TestAdminTemplates" name="test_list_templates_filter_by_type" time="0.136" /><testcase classname="tests.test_notifications_module.TestAdminTemplates" name="test_list_templates_filter_by_channel" time="0.139" /><testcase classname="tests.test_notifications_module.TestAdminTemplates" name="test_create_template" time="0.263" /><testcase classname="tests.test_notifications_module.TestAdminTemplates" name="test_create_duplicate_template_fails" time="0.134" /><testcase classname="tests.test_notifications_module.TestAdminTemplates" name="test_update_template" time="0.255" /><testcase classname="tests.test_notifications_module.TestAdminTemplates" name="test_update_nonexistent_template" time="0.132" /><testcase classname="tests.test_notifications_module.TestAdminTemplates" name="test_regular_user_cannot_access_admin_templates" time="1.703" /><testcase classname="tests.test_notifications_module.TestTemplateLocking" name="test_lock_template" time="0.728" /><testcase classname="tests.test_notifications_module.TestTemplateLocking" name="test_unlock_template" time="0.357" /><testcase classname="tests.test_notifications_module.TestDeleteTemplate" name="test_delete_nonexistent_template" time="0.482" /><testcase classname="tests.test_notifications_module.TestManagerTemplateOverrides" name="test_list_templates_with_override_status" time="0.953" /><testcase classname="tests.test_notifications_module.TestManagerTemplateOverrides" name="test_create_template_override" time="0.431" /><testcase classname="tests.test_notifications_module.TestManagerTemplateOverrides" name="test_cannot_override_locked_template" time="0.500" /><testcase classname="tests.test_notifications_module.TestManagerTemplateOverrides" name="test_delete_template_override" time="0.374" /><testcase classname="tests.test_notifications_module.TestManagerTemplateOverrides" name="test_regular_user_cannot_access_manager_templates" time="0.495" /><testcase classname="tests.test_notifications_module.TestEventNotificationSend" name="test_send_event_notification_all_segment" time="0.679" /><testcase classname="tests.test_notifications_module.TestEventNotificationSend" name="test_send_event_notification_member_segment" time="0.303" /><testcase classname="tests.test_notifications_module.TestEventNotificationSend" name="test_send_event_notification_invalid_segment" time="0.126" /><testcase classname="tests.test_notifications_module.TestEventNotificationSend" name="test_send_event_notification_nonexistent_event" time="0.140" /><testcase classname="tests.test_notifications_module.TestDeliveryLogs" name="test_admin_list_all_logs" time="0.458" /><testcase classname="tests.test_notifications_module.TestDeliveryLogs" name="test_admin_list_logs_filter_by_type" time="0.110" /><testcase classname="tests.test_notifications_module.TestDeliveryLogs" name="test_admin_list_logs_filter_by_status" time="0.112" /><testcase classname="tests.test_notifications_module.TestDeliveryLogs" name="test_admin_log_stats" time="0.117" /><testcase classname="tests.test_notifications_module.TestDeliveryLogs" name="test_manager_list_community_logs" time="0.112" /><testcase classname="tests.test_notifications_module.TestDeliveryLogs" name="test_regular_user_cannot_access_admin_logs" time="0.597" /><testcase classname="tests.test_notifications_module.TestNotificationTriggers" name="test_join_request_triggers_notification" time="2.203" /><testcase classname="tests.test_notifications_module.TestNotificationTriggers" name="test_ban_member_triggers_notification" time="1.825" /><testcase classname="tests.test_notifications_module.TestTemplateRendering" name="test_placeholders_rendered_in_logs" time="0.474" /><testcase classname="tests.test_notifications_module.TestSeededTemplates" name="test_eight_default_templates_exist" time="0.455" /></testsuite></testsuites>