<?xml version="1.0" encoding="utf-8"?><testsuites name="pytest tests"><testsuite name="pytest" errors="0" failures="0" skipped="3" tests="55" time="25.021" timestamp="2026-04-08T18:08:18.801023+00:00" hostname="agent-env-f4a6ea75-52ca-43ec-a495-60aab224f6e5"><testcase classname="tests.test_phases_8_11.TestPhase8Search" name="test_search_requires_authentication" time="0.165" /><testcase classname="tests.test_phases_8_11.TestPhase8Search" name="test_search_requires_membership" time="0.672" /><testcase classname="tests.test_phases_8_11.TestPhase8Search" name="test_search_member_can_search" time="0.418" /><testcase classname="tests.test_phases_8_11.TestPhase8Search" name="test_search_type_all" time="0.385" /><testcase classname="tests.test_phases_8_11.TestPhase8Search" name="test_search_type_discussions" time="0.493" /><testcase classname="tests.test_phases_8_11.TestPhase8Search" name="test_search_type_events" time="0.410" /><testcase classname="tests.test_phases_8_11.TestPhase8Search" name="test_search_type_members" time="0.434" /><testcase classname="tests.test_phases_8_11.TestPhase8Search" name="test_search_invalid_type" time="0.514" /><testcase classname="tests.test_phases_8_11.TestPhase8Search" name="test_search_query_min_length" time="0.385" /><testcase classname="tests.test_phases_8_11.TestPhase8Search" name="test_search_nonexistent_community" time="0.407" /><testcase classname="tests.test_phases_8_11.TestPhase9SEO" name="test_get_community_seo_auto_generated" time="0.121" /><testcase classname="tests.test_phases_8_11.TestPhase9SEO" name="test_get_discussion_seo_auto_generated" time="0.449" /><testcase classname="tests.test_phases_8_11.TestPhase9SEO" name="test_get_event_seo_auto_generated" time="0.454" /><testcase classname="tests.test_phases_8_11.TestPhase9SEO" name="test_seo_invalid_entity_type" time="0.141" /><testcase classname="tests.test_phases_8_11.TestPhase9SEO" name="test_seo_update_requires_manager" time="0.422" /><testcase classname="tests.test_phases_8_11.TestPhase9SEO" name="test_seo_manual_override" time="0.468" /><testcase classname="tests.test_phases_8_11.TestPhase9SEO" name="test_seo_reset_to_auto" time="0.395" /><testcase classname="tests.test_phases_8_11.TestPhase9SEO" name="test_seo_redirects_list" time="0.397" /><testcase classname="tests.test_phases_8_11.TestPhase9SEO" name="test_seo_resolve_redirect_not_found" time="0.124" /><testcase classname="tests.test_phases_8_11.TestPhase10Plans" name="test_plans_list_requires_admin" time="0.476" /><testcase classname="tests.test_phases_8_11.TestPhase10Plans" name="test_plans_list_admin" time="0.422" /><testcase classname="tests.test_phases_8_11.TestPhase10Plans" name="test_plan_create" time="0.379" /><testcase classname="tests.test_phases_8_11.TestPhase10Plans" name="test_plan_create_duplicate_rejected" time="0.496" /><testcase classname="tests.test_phases_8_11.TestPhase10Plans" name="test_plan_update" time="0.622" /><testcase classname="tests.test_phases_8_11.TestPhase10Plans" name="test_plan_delete_no_subscriptions" time="0.451" /><testcase classname="tests.test_phases_8_11.TestPhase10Subscriptions" name="test_subscriptions_list" time="0.406" /><testcase classname="tests.test_phases_8_11.TestPhase10Subscriptions" name="test_subscription_assign_with_trial" time="0.620" /><testcase classname="tests.test_phases_8_11.TestPhase10Subscriptions" name="test_subscription_state_machine_activate" time="0.486" /><testcase classname="tests.test_phases_8_11.TestPhase10Subscriptions" name="test_subscription_state_machine_pause" time="0.435" /><testcase classname="tests.test_phases_8_11.TestPhase10Subscriptions" name="test_subscription_state_machine_resume" time="0.453" /><testcase classname="tests.test_phases_8_11.TestPhase10Subscriptions" name="test_subscription_cannot_pause_from_trial" time="0.385"><skipped type="pytest.skip" message="No trial subscriptions to test">/app/backend/tests/test_phases_8_11.py:556: No trial subscriptions to test</skipped></testcase><testcase classname="tests.test_phases_8_11.TestPhase10Subscriptions" name="test_subscription_cancel" time="0.635" /><testcase classname="tests.test_phases_8_11.TestPhase10Subscriptions" name="test_subscription_cannot_cancel_already_canceled" time="0.427" /><testcase classname="tests.test_phases_8_11.TestPhase10Subscriptions" name="test_subscription_mark_paid" time="1.019"><skipped type="pytest.skip" message="No subscriptions to mark paid">/app/backend/tests/test_phases_8_11.py:628: No subscriptions to mark paid</skipped></testcase><testcase classname="tests.test_phases_8_11.TestPhase10Subscriptions" name="test_subscription_extend_trial" time="0.403"><skipped type="pytest.skip" message="No trial subscriptions to extend">/app/backend/tests/test_phases_8_11.py:648: No trial subscriptions to extend</skipped></testcase><testcase classname="tests.test_phases_8_11.TestPhase10Subscriptions" name="test_subscription_extend_trial_only_for_trial_status" time="0.435" /><testcase classname="tests.test_phases_8_11.TestPhase10AuditLogs" name="test_audit_logs_list" time="0.440" /><testcase classname="tests.test_phases_8_11.TestPhase10AuditLogs" name="test_audit_logs_filter_by_action" time="0.419" /><testcase classname="tests.test_phases_8_11.TestPhase10AuditLogs" name="test_audit_logs_contain_status_changes" time="0.389" /><testcase classname="tests.test_phases_8_11.TestPhase10AuditLogs" name="test_audit_logs_requires_admin" time="0.374" /><testcase classname="tests.test_phases_8_11.TestPhase10CommunitySubscription" name="test_get_community_subscription" time="0.448" /><testcase classname="tests.test_phases_8_11.TestPhase11Governance" name="test_branding_limits_requires_admin" time="0.399" /><testcase classname="tests.test_phases_8_11.TestPhase11Governance" name="test_branding_limits" time="0.383" /><testcase classname="tests.test_phases_8_11.TestPhase11Governance" name="test_media_cleanup_requires_admin" time="0.383" /><testcase classname="tests.test_phases_8_11.TestPhase11Governance" name="test_media_cleanup" time="0.391" /><testcase classname="tests.test_phases_8_11.TestPhase11Governance" name="test_system_check_requires_admin" time="0.414" /><testcase classname="tests.test_phases_8_11.TestPhase11Governance" name="test_system_check" time="0.464" /><testcase classname="tests.test_phases_8_11.TestPhase11SubscriptionEnforcement" name="test_canceled_subscription_blocks_writes" time="0.413" /><testcase classname="tests.test_phases_8_11.TestPhase11SubscriptionEnforcement" name="test_canceled_subscription_allows_reads" time="0.407" /><testcase classname="tests.test_phases_8_11.TestPhase11SubscriptionEnforcement" name="test_no_subscription_allows_writes" time="1.112" /><testcase classname="tests.test_phases_8_11.TestPhase11SubscriptionEnforcement" name="test_admin_routes_exempt_from_enforcement" time="0.378" /><testcase classname="tests.test_phases_8_11.TestRBAC" name="test_admin_routes_require_super_admin" time="0.599" /><testcase classname="tests.test_phases_8_11.TestRBAC" name="test_search_requires_membership" time="0.666" /><testcase classname="tests.test_phases_8_11.TestRBAC" name="test_seo_update_requires_manager" time="0.388" /><testcase classname="tests.test_phases_8_11.TestCleanup" name="test_cleanup_test_plans" time="0.604" /></testsuite></testsuites>