<?xml version="1.0" encoding="utf-8"?><testsuites name="pytest tests"><testsuite name="pytest" errors="0" failures="0" skipped="0" tests="33" time="4.865" timestamp="2026-04-08T10:11:26.746197+00:00" hostname="agent-env-f4a6ea75-52ca-43ec-a495-60aab224f6e5"><testcase classname="tests.test_phase6_events_media.TestAuthEndpoints" name="test_login_success" time="0.366" /><testcase classname="tests.test_phase6_events_media.TestAuthEndpoints" name="test_login_invalid_credentials" time="0.045" /><testcase classname="tests.test_phase6_events_media.TestAuthEndpoints" name="test_register_new_user" time="0.269" /><testcase classname="tests.test_phase6_events_media.TestAuthEndpoints" name="test_register_duplicate_email" time="0.040" /><testcase classname="tests.test_phase6_events_media.TestAuthEndpoints" name="test_get_me_with_jwt" time="0.309" /><testcase classname="tests.test_phase6_events_media.TestAuthEndpoints" name="test_get_me_without_auth" time="0.040" /><testcase classname="tests.test_phase6_events_media.TestAuthEndpoints" name="test_session_exchange_invalid" time="0.171" /><testcase classname="tests.test_phase6_events_media.TestAuthEndpoints" name="test_logout" time="0.044" /><testcase classname="tests.test_phase6_events_media.TestEventCRUD" name="test_create_event_success" time="0.049" /><testcase classname="tests.test_phase6_events_media.TestEventCRUD" name="test_create_event_draft_status" time="0.046" /><testcase classname="tests.test_phase6_events_media.TestEventCRUD" name="test_create_event_validation_title_too_short" time="0.045" /><testcase classname="tests.test_phase6_events_media.TestEventCRUD" name="test_create_event_validation_description_too_short" time="0.116" /><testcase classname="tests.test_phase6_events_media.TestEventCRUD" name="test_create_event_validation_past_date" time="0.042" /><testcase classname="tests.test_phase6_events_media.TestEventCRUD" name="test_create_event_validation_invalid_status" time="0.043" /><testcase classname="tests.test_phase6_events_media.TestEventCRUD" name="test_list_manager_events" time="0.051" /><testcase classname="tests.test_phase6_events_media.TestEventCRUD" name="test_list_public_events" time="0.052" /><testcase classname="tests.test_phase6_events_media.TestEventCRUD" name="test_update_event" time="0.132" /><testcase classname="tests.test_phase6_events_media.TestEventCRUD" name="test_delete_event" time="0.172" /><testcase classname="tests.test_phase6_events_media.TestEventCRUD" name="test_get_nonexistent_event" time="0.044" /><testcase classname="tests.test_phase6_events_media.TestMediaUpload" name="test_upload_jpeg_image" time="0.148" /><testcase classname="tests.test_phase6_events_media.TestMediaUpload" name="test_upload_png_image" time="0.156" /><testcase classname="tests.test_phase6_events_media.TestMediaUpload" name="test_upload_invalid_file_type" time="0.176" /><testcase classname="tests.test_phase6_events_media.TestMediaUpload" name="test_upload_file_too_large" time="0.626" /><testcase classname="tests.test_phase6_events_media.TestMediaUpload" name="test_media_served_via_static_files" time="0.196" /><testcase classname="tests.test_phase6_events_media.TestMediaUpload" name="test_delete_media" time="0.210" /><testcase classname="tests.test_phase6_events_media.TestMediaUpload" name="test_event_media_count_in_response" time="0.291" /><testcase classname="tests.test_phase6_events_media.TestRBAC" name="test_regular_member_cannot_create_event" time="0.319" /><testcase classname="tests.test_phase6_events_media.TestRBAC" name="test_regular_member_cannot_update_event" time="0.086" /><testcase classname="tests.test_phase6_events_media.TestRBAC" name="test_regular_member_cannot_delete_event" time="0.090" /><testcase classname="tests.test_phase6_events_media.TestRBAC" name="test_regular_member_cannot_upload_media" time="0.147" /><testcase classname="tests.test_phase6_events_media.TestRBAC" name="test_super_admin_can_manage_events" time="0.136" /><testcase classname="tests.test_phase6_events_media.TestCommunityNotFound" name="test_create_event_nonexistent_community" time="0.043" /><testcase classname="tests.test_phase6_events_media.TestCommunityNotFound" name="test_list_events_nonexistent_community" time="0.048" /></testsuite></testsuites>